# JRE version: OpenJDK Runtime Environment Temurin-17.0.13+11 (17.0.13+11) (build 17.0.13+11)
# Java VM: OpenJDK 64-Bit Server VM Temurin-17.0.13+11 (17.0.13+11, mixed mode, tiered, compressed oops, compressed class ptrs, parallel gc, windows-amd64)
GC Precious Log:
 CPUs: 4 total, 4 available
 Memory: 3978M
 Large Page Support: Disabled
 NUMA Support: Disabled
 Compressed Oops: Enabled (32-bit)
 Alignments: Space 512K, Generation 512K, Heap 2M
 Heap Min Capacity: 100M
 Heap Initial Capacity: 100M
 Heap Max Capacity: 1G
 Pre-touch: Disabled
 Parallel Workers: 4
Heap:
 PSYoungGen      total 3584K, used 3199K [0x00000000eab00000, 0x00000000eb200000, 0x0000000100000000)
  eden space 2560K, 99% used [0x00000000eab00000,0x00000000ead7fff0,0x00000000ead80000)
  from space 1024K, 62% used [0x00000000ead80000,0x00000000eae20000,0x00000000eae80000)
  to   space 2048K, 0% used [0x00000000eb000000,0x00000000eb000000,0x00000000eb200000)
 ParOldGen       total 248320K, used 245892K [0x00000000c0000000, 0x00000000cf280000, 0x00000000eab00000)
  object space 248320K, 99% used [0x00000000c0000000,0x00000000cf021368,0x00000000cf280000)
 Metaspace       used 84145K, committed 85440K, reserved 1179648K
  class space    used 8462K, committed 9024K, reserved 1048576K
GC Heap History (20 events):
Event: 456.686 GC heap after
{Heap after GC invocations=452 (full 15):
 PSYoungGen      total 3584K, used 224K [0x00000000eab00000, 0x00000000eaf80000, 0x0000000100000000)
  eden space 3072K, 0% used [0x00000000eab00000,0x00000000eab00000,0x00000000eae00000)
  from space 512K, 43% used [0x00000000eaf00000,0x00000000eaf38020,0x00000000eaf80000)
  to   space 512K, 0% used [0x00000000eae80000,0x00000000eae80000,0x00000000eaf00000)
 ParOldGen       total 248320K, used 235837K [0x00000000c0000000, 0x00000000cf280000, 0x00000000eab00000)
  object space 248320K, 94% used [0x00000000c0000000,0x00000000ce64f770,0x00000000cf280000)
 Metaspace       used 84142K, committed 85440K, reserved 1179648K
  class space    used 8462K, committed 9024K, reserved 1048576K
}
Event: 456.775 GC heap before
{Heap before GC invocations=453 (full 15):
 PSYoungGen      total 3584K, used 3296K [0x00000000eab00000, 0x00000000eaf80000, 0x0000000100000000)
  eden space 3072K, 100% used [0x00000000eab00000,0x00000000eae00000,0x00000000eae00000)
  from space 512K, 43% used [0x00000000eaf00000,0x00000000eaf38020,0x00000000eaf80000)
  to   space 512K, 0% used [0x00000000eae80000,0x00000000eae80000,0x00000000eaf00000)
 ParOldGen       total 248320K, used 235837K [0x00000000c0000000, 0x00000000cf280000, 0x00000000eab00000)
  object space 248320K, 94% used [0x00000000c0000000,0x00000000ce64f770,0x00000000cf280000)
 Metaspace       used 84142K, committed 85440K, reserved 1179648K
  class space    used 8462K, committed 9024K, reserved 1048576K
}
Event: 456.781 GC heap after
{Heap after GC invocations=453 (full 15):
 PSYoungGen      total 4096K, used 512K [0x00000000eab00000, 0x00000000eb200000, 0x0000000100000000)
  eden space 3584K, 0% used [0x00000000eab00000,0x00000000eab00000,0x00000000eae80000)
  from space 512K, 100% used [0x00000000eae80000,0x00000000eaf00000,0x00000000eaf00000)
  to   space 1536K, 0% used [0x00000000eb080000,0x00000000eb080000,0x00000000eb200000)
 ParOldGen       total 248320K, used 236324K [0x00000000c0000000, 0x00000000cf280000, 0x00000000eab00000)
  object space 248320K, 95% used [0x00000000c0000000,0x00000000ce6c9370,0x00000000cf280000)
 Metaspace       used 84142K, committed 85440K, reserved 1179648K
  class space    used 8462K, committed 9024K, reserved 1048576K
}
Event: 456.808 GC heap before
{Heap before GC invocations=454 (full 15):
 PSYoungGen      total 4096K, used 4096K [0x00000000eab00000, 0x00000000eb200000, 0x0000000100000000)
  eden space 3584K, 100% used [0x00000000eab00000,0x00000000eae80000,0x00000000eae80000)
  from space 512K, 100% used [0x00000000eae80000,0x00000000eaf00000,0x00000000eaf00000)
  to   space 1536K, 0% used [0x00000000eb080000,0x00000000eb080000,0x00000000eb200000)
 ParOldGen       total 248320K, used 236324K [0x00000000c0000000, 0x00000000cf280000, 0x00000000eab00000)
  object space 248320K, 95% used [0x00000000c0000000,0x00000000ce6c9370,0x00000000cf280000)
 Metaspace       used 84142K, committed 85440K, reserved 1179648K
  class space    used 8462K, committed 9024K, reserved 1048576K
}
Event: 456.823 GC heap after
{Heap after GC invocations=454 (full 15):
 PSYoungGen      total 3072K, used 1519K [0x00000000eab00000, 0x00000000eb780000, 0x0000000100000000)
  eden space 1536K, 0% used [0x00000000eab00000,0x00000000eab00000,0x00000000eac80000)
  from space 1536K, 98% used [0x00000000eb080000,0x00000000eb1fbca0,0x00000000eb200000)
  to   space 4096K, 0% used [0x00000000eac80000,0x00000000eac80000,0x00000000eb080000)
 ParOldGen       total 248320K, used 238392K [0x00000000c0000000, 0x00000000cf280000, 0x00000000eab00000)
  object space 248320K, 96% used [0x00000000c0000000,0x00000000ce8ce098,0x00000000cf280000)
 Metaspace       used 84142K, committed 85440K, reserved 1179648K
  class space    used 8462K, committed 9024K, reserved 1048576K
}
Event: 456.838 GC heap before
{Heap before GC invocations=455 (full 15):
 PSYoungGen      total 3072K, used 3055K [0x00000000eab00000, 0x00000000eb780000, 0x0000000100000000)
  eden space 1536K, 100% used [0x00000000eab00000,0x00000000eac80000,0x00000000eac80000)
  from space 1536K, 98% used [0x00000000eb080000,0x00000000eb1fbca0,0x00000000eb200000)
  to   space 4096K, 0% used [0x00000000eac80000,0x00000000eac80000,0x00000000eb080000)
 ParOldGen       total 248320K, used 238392K [0x00000000c0000000, 0x00000000cf280000, 0x00000000eab00000)
  object space 248320K, 96% used [0x00000000c0000000,0x00000000ce8ce098,0x00000000cf280000)
 Metaspace       used 84142K, committed 85440K, reserved 1179648K
  class space    used 8462K, committed 9024K, reserved 1048576K
}
Event: 456.848 GC heap after
{Heap after GC invocations=455 (full 15):
 PSYoungGen      total 2560K, used 928K [0x00000000eab00000, 0x00000000eb100000, 0x0000000100000000)
  eden space 1536K, 0% used [0x00000000eab00000,0x00000000eab00000,0x00000000eac80000)
  from space 1024K, 90% used [0x00000000eac80000,0x00000000ead68000,0x00000000ead80000)
  to   space 2048K, 0% used [0x00000000eaf00000,0x00000000eaf00000,0x00000000eb100000)
 ParOldGen       total 248320K, used 239935K [0x00000000c0000000, 0x00000000cf280000, 0x00000000eab00000)
  object space 248320K, 96% used [0x00000000c0000000,0x00000000cea4fd38,0x00000000cf280000)
 Metaspace       used 84142K, committed 85440K, reserved 1179648K
  class space    used 8462K, committed 9024K, reserved 1048576K
}
Event: 456.857 GC heap before
{Heap before GC invocations=456 (full 15):
 PSYoungGen      total 2560K, used 2464K [0x00000000eab00000, 0x00000000eb100000, 0x0000000100000000)
  eden space 1536K, 100% used [0x00000000eab00000,0x00000000eac80000,0x00000000eac80000)
  from space 1024K, 90% used [0x00000000eac80000,0x00000000ead68000,0x00000000ead80000)
  to   space 2048K, 0% used [0x00000000eaf00000,0x00000000eaf00000,0x00000000eb100000)
 ParOldGen       total 248320K, used 239935K [0x00000000c0000000, 0x00000000cf280000, 0x00000000eab00000)
  object space 248320K, 96% used [0x00000000c0000000,0x00000000cea4fd38,0x00000000cf280000)
 Metaspace       used 84142K, committed 85440K, reserved 1179648K
  class space    used 8462K, committed 9024K, reserved 1048576K
}
Event: 456.862 GC heap after
{Heap after GC invocations=456 (full 15):
 PSYoungGen      total 2560K, used 352K [0x00000000eab00000, 0x00000000eaf80000, 0x0000000100000000)
  eden space 2048K, 0% used [0x00000000eab00000,0x00000000eab00000,0x00000000ead00000)
  from space 512K, 68% used [0x00000000eaf00000,0x00000000eaf58000,0x00000000eaf80000)
  to   space 1024K, 0% used [0x00000000ead80000,0x00000000ead80000,0x00000000eae80000)
 ParOldGen       total 248320K, used 240783K [0x00000000c0000000, 0x00000000cf280000, 0x00000000eab00000)
  object space 248320K, 96% used [0x00000000c0000000,0x00000000ceb23d38,0x00000000cf280000)
 Metaspace       used 84142K, committed 85440K, reserved 1179648K
  class space    used 8462K, committed 9024K, reserved 1048576K
}
Event: 456.887 GC heap before
{Heap before GC invocations=457 (full 15):
 PSYoungGen      total 2560K, used 2400K [0x00000000eab00000, 0x00000000eaf80000, 0x0000000100000000)
  eden space 2048K, 100% used [0x00000000eab00000,0x00000000ead00000,0x00000000ead00000)
  from space 512K, 68% used [0x00000000eaf00000,0x00000000eaf58000,0x00000000eaf80000)
  to   space 1024K, 0% used [0x00000000ead80000,0x00000000ead80000,0x00000000eae80000)
 ParOldGen       total 248320K, used 240783K [0x00000000c0000000, 0x00000000cf280000, 0x00000000eab00000)
  object space 248320K, 96% used [0x00000000c0000000,0x00000000ceb23d38,0x00000000cf280000)
 Metaspace       used 84142K, committed 85440K, reserved 1179648K
  class space    used 8462K, committed 9024K, reserved 1048576K
}
Event: 456.890 GC heap after
{Heap after GC invocations=457 (full 15):
 PSYoungGen      total 3584K, used 288K [0x00000000eab00000, 0x00000000eaf80000, 0x0000000100000000)
  eden space 2560K, 0% used [0x00000000eab00000,0x00000000eab00000,0x00000000ead80000)
  from space 1024K, 28% used [0x00000000ead80000,0x00000000eadc8000,0x00000000eae80000)
  to   space 512K, 0% used [0x00000000eaf00000,0x00000000eaf00000,0x00000000eaf80000)
 ParOldGen       total 248320K, used 241073K [0x00000000c0000000, 0x00000000cf280000, 0x00000000eab00000)
  object space 248320K, 97% used [0x00000000c0000000,0x00000000ceb6c648,0x00000000cf280000)
 Metaspace       used 84142K, committed 85440K, reserved 1179648K
  class space    used 8462K, committed 9024K, reserved 1048576K
}
Event: 457.046 GC heap before
{Heap before GC invocations=458 (full 15):
 PSYoungGen      total 3584K, used 2848K [0x00000000eab00000, 0x00000000eaf80000, 0x0000000100000000)
  eden space 2560K, 100% used [0x00000000eab00000,0x00000000ead80000,0x00000000ead80000)
  from space 1024K, 28% used [0x00000000ead80000,0x00000000eadc8000,0x00000000eae80000)
  to   space 512K, 0% used [0x00000000eaf00000,0x00000000eaf00000,0x00000000eaf80000)
 ParOldGen       total 248320K, used 241073K [0x00000000c0000000, 0x00000000cf280000, 0x00000000eab00000)
  object space 248320K, 97% used [0x00000000c0000000,0x00000000ceb6c648,0x00000000cf280000)
 Metaspace       used 84143K, committed 85440K, reserved 1179648K
  class space    used 8462K, committed 9024K, reserved 1048576K
}
Event: 457.050 GC heap after
{Heap after GC invocations=458 (full 15):
 PSYoungGen      total 3584K, used 480K [0x00000000eab00000, 0x00000000eb000000, 0x0000000100000000)
  eden space 3072K, 0% used [0x00000000eab00000,0x00000000eab00000,0x00000000eae00000)
  from space 512K, 93% used [0x00000000eaf00000,0x00000000eaf78020,0x00000000eaf80000)
  to   space 1024K, 0% used [0x00000000eae00000,0x00000000eae00000,0x00000000eaf00000)
 ParOldGen       total 248320K, used 241273K [0x00000000c0000000, 0x00000000cf280000, 0x00000000eab00000)
  object space 248320K, 97% used [0x00000000c0000000,0x00000000ceb9e648,0x00000000cf280000)
 Metaspace       used 84143K, committed 85440K, reserved 1179648K
  class space    used 8462K, committed 9024K, reserved 1048576K
}
Event: 457.123 GC heap before
{Heap before GC invocations=459 (full 15):
 PSYoungGen      total 3584K, used 3552K [0x00000000eab00000, 0x00000000eb000000, 0x0000000100000000)
  eden space 3072K, 100% used [0x00000000eab00000,0x00000000eae00000,0x00000000eae00000)
  from space 512K, 93% used [0x00000000eaf00000,0x00000000eaf78020,0x00000000eaf80000)
  to   space 1024K, 0% used [0x00000000eae00000,0x00000000eae00000,0x00000000eaf00000)
 ParOldGen       total 248320K, used 241273K [0x00000000c0000000, 0x00000000cf280000, 0x00000000eab00000)
  object space 248320K, 97% used [0x00000000c0000000,0x00000000ceb9e648,0x00000000cf280000)
 Metaspace       used 84143K, committed 85440K, reserved 1179648K
  class space    used 8462K, committed 9024K, reserved 1048576K
}
Event: 457.131 GC heap after
{Heap after GC invocations=459 (full 15):
 PSYoungGen      total 4096K, used 999K [0x00000000eab00000, 0x00000000eb400000, 0x0000000100000000)
  eden space 3072K, 0% used [0x00000000eab00000,0x00000000eab00000,0x00000000eae00000)
  from space 1024K, 97% used [0x00000000eae00000,0x00000000eaef9e70,0x00000000eaf00000)
  to   space 2560K, 0% used [0x00000000eb180000,0x00000000eb180000,0x00000000eb400000)
 ParOldGen       total 248320K, used 242304K [0x00000000c0000000, 0x00000000cf280000, 0x00000000eab00000)
  object space 248320K, 97% used [0x00000000c0000000,0x00000000ceca0210,0x00000000cf280000)
 Metaspace       used 84143K, committed 85440K, reserved 1179648K
  class space    used 8462K, committed 9024K, reserved 1048576K
}
Event: 457.159 GC heap before
{Heap before GC invocations=460 (full 15):
 PSYoungGen      total 4096K, used 4071K [0x00000000eab00000, 0x00000000eb400000, 0x0000000100000000)
  eden space 3072K, 100% used [0x00000000eab00000,0x00000000eae00000,0x00000000eae00000)
  from space 1024K, 97% used [0x00000000eae00000,0x00000000eaef9e70,0x00000000eaf00000)
  to   space 2560K, 0% used [0x00000000eb180000,0x00000000eb180000,0x00000000eb400000)
 ParOldGen       total 248320K, used 242304K [0x00000000c0000000, 0x00000000cf280000, 0x00000000eab00000)
  object space 248320K, 97% used [0x00000000c0000000,0x00000000ceca0210,0x00000000cf280000)
 Metaspace       used 84143K, committed 85440K, reserved 1179648K
  class space    used 8462K, committed 9024K, reserved 1048576K
}
Event: 457.167 GC heap after
{Heap after GC invocations=460 (full 15):
 PSYoungGen      total 5120K, used 2560K [0x00000000eab00000, 0x00000000eb700000, 0x0000000100000000)
  eden space 2560K, 0% used [0x00000000eab00000,0x00000000eab00000,0x00000000ead80000)
  from space 2560K, 100% used [0x00000000eb180000,0x00000000eb400000,0x00000000eb400000)
  to   space 4096K, 0% used [0x00000000ead80000,0x00000000ead80000,0x00000000eb180000)
 ParOldGen       total 248320K, used 243388K [0x00000000c0000000, 0x00000000cf280000, 0x00000000eab00000)
  object space 248320K, 98% used [0x00000000c0000000,0x00000000cedaf368,0x00000000cf280000)
 Metaspace       used 84143K, committed 85440K, reserved 1179648K
  class space    used 8462K, committed 9024K, reserved 1048576K
}
Event: 457.182 GC heap before
{Heap before GC invocations=461 (full 15):
 PSYoungGen      total 5120K, used 5120K [0x00000000eab00000, 0x00000000eb700000, 0x0000000100000000)
  eden space 2560K, 100% used [0x00000000eab00000,0x00000000ead80000,0x00000000ead80000)
  from space 2560K, 100% used [0x00000000eb180000,0x00000000eb400000,0x00000000eb400000)
  to   space 4096K, 0% used [0x00000000ead80000,0x00000000ead80000,0x00000000eb180000)
 ParOldGen       total 248320K, used 243388K [0x00000000c0000000, 0x00000000cf280000, 0x00000000eab00000)
  object space 248320K, 98% used [0x00000000c0000000,0x00000000cedaf368,0x00000000cf280000)
 Metaspace       used 84144K, committed 85440K, reserved 1179648K
  class space    used 8462K, committed 9024K, reserved 1048576K
}
Event: 457.196 GC heap after
{Heap after GC invocations=461 (full 15):
 PSYoungGen      total 3584K, used 640K [0x00000000eab00000, 0x00000000eb200000, 0x0000000100000000)
  eden space 2560K, 0% used [0x00000000eab00000,0x00000000eab00000,0x00000000ead80000)
  from space 1024K, 62% used [0x00000000ead80000,0x00000000eae20000,0x00000000eae80000)
  to   space 2048K, 0% used [0x00000000eb000000,0x00000000eb000000,0x00000000eb200000)
 ParOldGen       total 248320K, used 245892K [0x00000000c0000000, 0x00000000cf280000, 0x00000000eab00000)
  object space 248320K, 99% used [0x00000000c0000000,0x00000000cf021368,0x00000000cf280000)
 Metaspace       used 84144K, committed 85440K, reserved 1179648K
  class space    used 8462K, committed 9024K, reserved 1048576K
}
Event: 457.429 GC heap before
{Heap before GC invocations=462 (full 16):
 PSYoungGen      total 3584K, used 3199K [0x00000000eab00000, 0x00000000eb200000, 0x0000000100000000)
  eden space 2560K, 99% used [0x00000000eab00000,0x00000000ead7fff0,0x00000000ead80000)
  from space 1024K, 62% used [0x00000000ead80000,0x00000000eae20000,0x00000000eae80000)
  to   space 2048K, 0% used [0x00000000eb000000,0x00000000eb000000,0x00000000eb200000)
 ParOldGen       total 248320K, used 245892K [0x00000000c0000000, 0x00000000cf280000, 0x00000000eab00000)
  object space 248320K, 99% used [0x00000000c0000000,0x00000000cf021368,0x00000000cf280000)
 Metaspace       used 84145K, committed 85440K, reserved 1179648K
  class space    used 8462K, committed 9024K, reserved 1048576K
}

