# JRE version: OpenJDK Runtime Environment Temurin-17.0.13+11 (17.0.13+11) (build 17.0.13+11)
# Java VM: OpenJDK 64-Bit Server VM Temurin-17.0.13+11 (17.0.13+11, mixed mode, tiered, compressed oops, compressed class ptrs, parallel gc, windows-amd64)
GC Precious Log:
 CPUs: 4 total, 4 available
 Memory: 3978M
 Large Page Support: Disabled
 NUMA Support: Disabled
 Compressed Oops: Enabled (32-bit)
 Alignments: Space 512K, Generation 512K, Heap 2M
 Heap Min Capacity: 100M
 Heap Initial Capacity: 100M
 Heap Max Capacity: 1G
 Pre-touch: Disabled
 Parallel Workers: 4
Heap:
 PSYoungGen      total 3072K, used 3056K [0x00000000eab00000, 0x00000000eb100000, 0x0000000100000000)
  eden space 2560K, 100% used [0x00000000eab00000,0x00000000ead80000,0x00000000ead80000)
  from space 512K, 96% used [0x00000000eb080000,0x00000000eb0fc030,0x00000000eb100000)
  to   space 1536K, 0% used [0x00000000eae00000,0x00000000eae00000,0x00000000eaf80000)
 ParOldGen       total 115200K, used 114839K [0x00000000c0000000, 0x00000000c7080000, 0x00000000eab00000)
  object space 115200K, 99% used [0x00000000c0000000,0x00000000c7025f90,0x00000000c7080000)
 Metaspace       used 96710K, committed 97984K, reserved 1179648K
  class space    used 9638K, committed 10176K, reserved 1048576K
GC Heap History (20 events):
Event: 4811.512 GC heap after
{Heap after GC invocations=8469 (full 118):
 PSYoungGen      total 4608K, used 384K [0x00000000eab00000, 0x00000000eb180000, 0x0000000100000000)
  eden space 2560K, 0% used [0x00000000eab00000,0x00000000eab00000,0x00000000ead80000)
  from space 2048K, 18% used [0x00000000eae00000,0x00000000eae60020,0x00000000eb000000)
  to   space 1024K, 0% used [0x00000000eb080000,0x00000000eb080000,0x00000000eb180000)
 ParOldGen       total 115200K, used 113426K [0x00000000c0000000, 0x00000000c7080000, 0x00000000eab00000)
  object space 115200K, 98% used [0x00000000c0000000,0x00000000c6ec4ad8,0x00000000c7080000)
 Metaspace       used 96707K, committed 97984K, reserved 1179648K
  class space    used 9638K, committed 10176K, reserved 1048576K
}
Event: 4811.738 GC heap before
{Heap before GC invocations=8470 (full 118):
 PSYoungGen      total 4608K, used 2944K [0x00000000eab00000, 0x00000000eb180000, 0x0000000100000000)
  eden space 2560K, 100% used [0x00000000eab00000,0x00000000ead80000,0x00000000ead80000)
  from space 2048K, 18% used [0x00000000eae00000,0x00000000eae60020,0x00000000eb000000)
  to   space 1024K, 0% used [0x00000000eb080000,0x00000000eb080000,0x00000000eb180000)
 ParOldGen       total 115200K, used 113426K [0x00000000c0000000, 0x00000000c7080000, 0x00000000eab00000)
  object space 115200K, 98% used [0x00000000c0000000,0x00000000c6ec4ad8,0x00000000c7080000)
 Metaspace       used 96707K, committed 97984K, reserved 1179648K
  class space    used 9638K, committed 10176K, reserved 1048576K
}
Event: 4811.740 GC heap after
{Heap after GC invocations=8470 (full 118):
 PSYoungGen      total 3072K, used 192K [0x00000000eab00000, 0x00000000eb100000, 0x0000000100000000)
  eden space 2560K, 0% used [0x00000000eab00000,0x00000000eab00000,0x00000000ead80000)
  from space 512K, 37% used [0x00000000eb080000,0x00000000eb0b0020,0x00000000eb100000)
  to   space 512K, 0% used [0x00000000eb000000,0x00000000eb000000,0x00000000eb080000)
 ParOldGen       total 115200K, used 113442K [0x00000000c0000000, 0x00000000c7080000, 0x00000000eab00000)
  object space 115200K, 98% used [0x00000000c0000000,0x00000000c6ec8ad8,0x00000000c7080000)
 Metaspace       used 96707K, committed 97984K, reserved 1179648K
  class space    used 9638K, committed 10176K, reserved 1048576K
}
Event: 4811.897 GC heap before
{Heap before GC invocations=8471 (full 118):
 PSYoungGen      total 3072K, used 2752K [0x00000000eab00000, 0x00000000eb100000, 0x0000000100000000)
  eden space 2560K, 100% used [0x00000000eab00000,0x00000000ead80000,0x00000000ead80000)
  from space 512K, 37% used [0x00000000eb080000,0x00000000eb0b0020,0x00000000eb100000)
  to   space 512K, 0% used [0x00000000eb000000,0x00000000eb000000,0x00000000eb080000)
 ParOldGen       total 115200K, used 113442K [0x00000000c0000000, 0x00000000c7080000, 0x00000000eab00000)
  object space 115200K, 98% used [0x00000000c0000000,0x00000000c6ec8ad8,0x00000000c7080000)
 Metaspace       used 96707K, committed 97984K, reserved 1179648K
  class space    used 9638K, committed 10176K, reserved 1048576K
}
Event: 4811.898 GC heap after
{Heap after GC invocations=8471 (full 118):
 PSYoungGen      total 3072K, used 224K [0x00000000eab00000, 0x00000000eb100000, 0x0000000100000000)
  eden space 2560K, 0% used [0x00000000eab00000,0x00000000eab00000,0x00000000ead80000)
  from space 512K, 43% used [0x00000000eb000000,0x00000000eb038020,0x00000000eb080000)
  to   space 512K, 0% used [0x00000000eb080000,0x00000000eb080000,0x00000000eb100000)
 ParOldGen       total 115200K, used 113466K [0x00000000c0000000, 0x00000000c7080000, 0x00000000eab00000)
  object space 115200K, 98% used [0x00000000c0000000,0x00000000c6ecead8,0x00000000c7080000)
 Metaspace       used 96707K, committed 97984K, reserved 1179648K
  class space    used 9638K, committed 10176K, reserved 1048576K
}
Event: 4811.994 GC heap before
{Heap before GC invocations=8472 (full 118):
 PSYoungGen      total 3072K, used 2784K [0x00000000eab00000, 0x00000000eb100000, 0x0000000100000000)
  eden space 2560K, 100% used [0x00000000eab00000,0x00000000ead80000,0x00000000ead80000)
  from space 512K, 43% used [0x00000000eb000000,0x00000000eb038020,0x00000000eb080000)
  to   space 512K, 0% used [0x00000000eb080000,0x00000000eb080000,0x00000000eb100000)
 ParOldGen       total 115200K, used 113466K [0x00000000c0000000, 0x00000000c7080000, 0x00000000eab00000)
  object space 115200K, 98% used [0x00000000c0000000,0x00000000c6ecead8,0x00000000c7080000)
 Metaspace       used 96707K, committed 97984K, reserved 1179648K
  class space    used 9638K, committed 10176K, reserved 1048576K
}
Event: 4811.996 GC heap after
{Heap after GC invocations=8472 (full 118):
 PSYoungGen      total 3072K, used 320K [0x00000000eab00000, 0x00000000eb100000, 0x0000000100000000)
  eden space 2560K, 0% used [0x00000000eab00000,0x00000000eab00000,0x00000000ead80000)
  from space 512K, 62% used [0x00000000eb080000,0x00000000eb0d0020,0x00000000eb100000)
  to   space 512K, 0% used [0x00000000eb000000,0x00000000eb000000,0x00000000eb080000)
 ParOldGen       total 115200K, used 113474K [0x00000000c0000000, 0x00000000c7080000, 0x00000000eab00000)
  object space 115200K, 98% used [0x00000000c0000000,0x00000000c6ed0ad8,0x00000000c7080000)
 Metaspace       used 96707K, committed 97984K, reserved 1179648K
  class space    used 9638K, committed 10176K, reserved 1048576K
}
Event: 4812.168 GC heap before
{Heap before GC invocations=8473 (full 118):
 PSYoungGen      total 3072K, used 2880K [0x00000000eab00000, 0x00000000eb100000, 0x0000000100000000)
  eden space 2560K, 100% used [0x00000000eab00000,0x00000000ead80000,0x00000000ead80000)
  from space 512K, 62% used [0x00000000eb080000,0x00000000eb0d0020,0x00000000eb100000)
  to   space 512K, 0% used [0x00000000eb000000,0x00000000eb000000,0x00000000eb080000)
 ParOldGen       total 115200K, used 113474K [0x00000000c0000000, 0x00000000c7080000, 0x00000000eab00000)
  object space 115200K, 98% used [0x00000000c0000000,0x00000000c6ed0ad8,0x00000000c7080000)
 Metaspace       used 96707K, committed 97984K, reserved 1179648K
  class space    used 9638K, committed 10176K, reserved 1048576K
}
Event: 4812.170 GC heap after
{Heap after GC invocations=8473 (full 118):
 PSYoungGen      total 3072K, used 224K [0x00000000eab00000, 0x00000000eb100000, 0x0000000100000000)
  eden space 2560K, 0% used [0x00000000eab00000,0x00000000eab00000,0x00000000ead80000)
  from space 512K, 43% used [0x00000000eb000000,0x00000000eb038020,0x00000000eb080000)
  to   space 512K, 0% used [0x00000000eb080000,0x00000000eb080000,0x00000000eb100000)
 ParOldGen       total 115200K, used 113474K [0x00000000c0000000, 0x00000000c7080000, 0x00000000eab00000)
  object space 115200K, 98% used [0x00000000c0000000,0x00000000c6ed0ad8,0x00000000c7080000)
 Metaspace       used 96707K, committed 97984K, reserved 1179648K
  class space    used 9638K, committed 10176K, reserved 1048576K
}
Event: 4812.346 GC heap before
{Heap before GC invocations=8474 (full 118):
 PSYoungGen      total 3072K, used 2771K [0x00000000eab00000, 0x00000000eb100000, 0x0000000100000000)
  eden space 2560K, 99% used [0x00000000eab00000,0x00000000ead7cc08,0x00000000ead80000)
  from space 512K, 43% used [0x00000000eb000000,0x00000000eb038020,0x00000000eb080000)
  to   space 512K, 0% used [0x00000000eb080000,0x00000000eb080000,0x00000000eb100000)
 ParOldGen       total 115200K, used 113474K [0x00000000c0000000, 0x00000000c7080000, 0x00000000eab00000)
  object space 115200K, 98% used [0x00000000c0000000,0x00000000c6ed0ad8,0x00000000c7080000)
 Metaspace       used 96707K, committed 97984K, reserved 1179648K
  class space    used 9638K, committed 10176K, reserved 1048576K
}
Event: 4812.349 GC heap after
{Heap after GC invocations=8474 (full 118):
 PSYoungGen      total 3072K, used 496K [0x00000000eab00000, 0x00000000eb100000, 0x0000000100000000)
  eden space 2560K, 0% used [0x00000000eab00000,0x00000000eab00000,0x00000000ead80000)
  from space 512K, 96% used [0x00000000eb080000,0x00000000eb0fc010,0x00000000eb100000)
  to   space 1024K, 0% used [0x00000000eaf00000,0x00000000eaf00000,0x00000000eb000000)
 ParOldGen       total 115200K, used 113599K [0x00000000c0000000, 0x00000000c7080000, 0x00000000eab00000)
  object space 115200K, 98% used [0x00000000c0000000,0x00000000c6eeff78,0x00000000c7080000)
 Metaspace       used 96707K, committed 97984K, reserved 1179648K
  class space    used 9638K, committed 10176K, reserved 1048576K
}
Event: 4812.424 GC heap before
{Heap before GC invocations=8475 (full 118):
 PSYoungGen      total 3072K, used 3056K [0x00000000eab00000, 0x00000000eb100000, 0x0000000100000000)
  eden space 2560K, 100% used [0x00000000eab00000,0x00000000ead80000,0x00000000ead80000)
  from space 512K, 96% used [0x00000000eb080000,0x00000000eb0fc010,0x00000000eb100000)
  to   space 1024K, 0% used [0x00000000eaf00000,0x00000000eaf00000,0x00000000eb000000)
 ParOldGen       total 115200K, used 113599K [0x00000000c0000000, 0x00000000c7080000, 0x00000000eab00000)
  object space 115200K, 98% used [0x00000000c0000000,0x00000000c6eeff78,0x00000000c7080000)
 Metaspace       used 96710K, committed 97984K, reserved 1179648K
  class space    used 9638K, committed 10176K, reserved 1048576K
}
Event: 4812.428 GC heap after
{Heap after GC invocations=8475 (full 118):
 PSYoungGen      total 3584K, used 448K [0x00000000eab00000, 0x00000000eb100000, 0x0000000100000000)
  eden space 2560K, 0% used [0x00000000eab00000,0x00000000eab00000,0x00000000ead80000)
  from space 1024K, 43% used [0x00000000eaf00000,0x00000000eaf70040,0x00000000eb000000)
  to   space 512K, 0% used [0x00000000eb080000,0x00000000eb080000,0x00000000eb100000)
 ParOldGen       total 115200K, used 114115K [0x00000000c0000000, 0x00000000c7080000, 0x00000000eab00000)
  object space 115200K, 99% used [0x00000000c0000000,0x00000000c6f70fa8,0x00000000c7080000)
 Metaspace       used 96710K, committed 97984K, reserved 1179648K
  class space    used 9638K, committed 10176K, reserved 1048576K
}
Event: 4812.445 GC heap before
{Heap before GC invocations=8476 (full 118):
 PSYoungGen      total 3584K, used 3008K [0x00000000eab00000, 0x00000000eb100000, 0x0000000100000000)
  eden space 2560K, 100% used [0x00000000eab00000,0x00000000ead80000,0x00000000ead80000)
  from space 1024K, 43% used [0x00000000eaf00000,0x00000000eaf70040,0x00000000eb000000)
  to   space 512K, 0% used [0x00000000eb080000,0x00000000eb080000,0x00000000eb100000)
 ParOldGen       total 115200K, used 114115K [0x00000000c0000000, 0x00000000c7080000, 0x00000000eab00000)
  object space 115200K, 99% used [0x00000000c0000000,0x00000000c6f70fa8,0x00000000c7080000)
 Metaspace       used 96710K, committed 97984K, reserved 1179648K
  class space    used 9638K, committed 10176K, reserved 1048576K
}
Event: 4812.447 GC heap after
{Heap after GC invocations=8476 (full 118):
 PSYoungGen      total 3072K, used 304K [0x00000000eab00000, 0x00000000eb100000, 0x0000000100000000)
  eden space 2560K, 0% used [0x00000000eab00000,0x00000000eab00000,0x00000000ead80000)
  from space 512K, 59% used [0x00000000eb080000,0x00000000eb0cc010,0x00000000eb100000)
  to   space 512K, 0% used [0x00000000eb000000,0x00000000eb000000,0x00000000eb080000)
 ParOldGen       total 115200K, used 114331K [0x00000000c0000000, 0x00000000c7080000, 0x00000000eab00000)
  object space 115200K, 99% used [0x00000000c0000000,0x00000000c6fa6ff8,0x00000000c7080000)
 Metaspace       used 96710K, committed 97984K, reserved 1179648K
  class space    used 9638K, committed 10176K, reserved 1048576K
}
Event: 4812.464 GC heap before
{Heap before GC invocations=8477 (full 118):
 PSYoungGen      total 3072K, used 2864K [0x00000000eab00000, 0x00000000eb100000, 0x0000000100000000)
  eden space 2560K, 100% used [0x00000000eab00000,0x00000000ead80000,0x00000000ead80000)
  from space 512K, 59% used [0x00000000eb080000,0x00000000eb0cc010,0x00000000eb100000)
  to   space 512K, 0% used [0x00000000eb000000,0x00000000eb000000,0x00000000eb080000)
 ParOldGen       total 115200K, used 114331K [0x00000000c0000000, 0x00000000c7080000, 0x00000000eab00000)
  object space 115200K, 99% used [0x00000000c0000000,0x00000000c6fa6ff8,0x00000000c7080000)
 Metaspace       used 96710K, committed 97984K, reserved 1179648K
  class space    used 9638K, committed 10176K, reserved 1048576K
}
Event: 4812.466 GC heap after
{Heap after GC invocations=8477 (full 118):
 PSYoungGen      total 3072K, used 496K [0x00000000eab00000, 0x00000000eb100000, 0x0000000100000000)
  eden space 2560K, 0% used [0x00000000eab00000,0x00000000eab00000,0x00000000ead80000)
  from space 512K, 96% used [0x00000000eb000000,0x00000000eb07c010,0x00000000eb080000)
  to   space 512K, 0% used [0x00000000eb080000,0x00000000eb080000,0x00000000eb100000)
 ParOldGen       total 115200K, used 114384K [0x00000000c0000000, 0x00000000c7080000, 0x00000000eab00000)
  object space 115200K, 99% used [0x00000000c0000000,0x00000000c6fb4008,0x00000000c7080000)
 Metaspace       used 96710K, committed 97984K, reserved 1179648K
  class space    used 9638K, committed 10176K, reserved 1048576K
}
Event: 4812.672 GC heap before
{Heap before GC invocations=8478 (full 118):
 PSYoungGen      total 3072K, used 3056K [0x00000000eab00000, 0x00000000eb100000, 0x0000000100000000)
  eden space 2560K, 100% used [0x00000000eab00000,0x00000000ead80000,0x00000000ead80000)
  from space 512K, 96% used [0x00000000eb000000,0x00000000eb07c010,0x00000000eb080000)
  to   space 512K, 0% used [0x00000000eb080000,0x00000000eb080000,0x00000000eb100000)
 ParOldGen       total 115200K, used 114384K [0x00000000c0000000, 0x00000000c7080000, 0x00000000eab00000)
  object space 115200K, 99% used [0x00000000c0000000,0x00000000c6fb4008,0x00000000c7080000)
 Metaspace       used 96710K, committed 97984K, reserved 1179648K
  class space    used 9638K, committed 10176K, reserved 1048576K
}
Event: 4812.676 GC heap after
{Heap after GC invocations=8478 (full 118):
 PSYoungGen      total 3072K, used 496K [0x00000000eab00000, 0x00000000eb100000, 0x0000000100000000)
  eden space 2560K, 0% used [0x00000000eab00000,0x00000000eab00000,0x00000000ead80000)
  from space 512K, 96% used [0x00000000eb080000,0x00000000eb0fc030,0x00000000eb100000)
  to   space 1536K, 0% used [0x00000000eae00000,0x00000000eae00000,0x00000000eaf80000)
 ParOldGen       total 115200K, used 114839K [0x00000000c0000000, 0x00000000c7080000, 0x00000000eab00000)
  object space 115200K, 99% used [0x00000000c0000000,0x00000000c7025f90,0x00000000c7080000)
 Metaspace       used 96710K, committed 97984K, reserved 1179648K
  class space    used 9638K, committed 10176K, reserved 1048576K
}
Event: 4812.806 GC heap before
{Heap before GC invocations=8479 (full 119):
 PSYoungGen      total 3072K, used 3056K [0x00000000eab00000, 0x00000000eb100000, 0x0000000100000000)
  eden space 2560K, 100% used [0x00000000eab00000,0x00000000ead80000,0x00000000ead80000)
  from space 512K, 96% used [0x00000000eb080000,0x00000000eb0fc030,0x00000000eb100000)
  to   space 1536K, 0% used [0x00000000eae00000,0x00000000eae00000,0x00000000eaf80000)
 ParOldGen       total 115200K, used 114839K [0x00000000c0000000, 0x00000000c7080000, 0x00000000eab00000)
  object space 115200K, 99% used [0x00000000c0000000,0x00000000c7025f90,0x00000000c7080000)
 Metaspace       used 96710K, committed 97984K, reserved 1179648K
  class space    used 9638K, committed 10176K, reserved 1048576K
}

